{"total": {"lines":{"total":578,"covered":85,"skipped":0,"pct":14.7},"statements":{"total":630,"covered":88,"skipped":0,"pct":13.96},"functions":{"total":131,"covered":30,"skipped":0,"pct":22.9},"branches":{"total":318,"covered":45,"skipped":0,"pct":14.15},"branchesTrue":{"total":0,"covered":0,"skipped":0,"pct":"Unknown"}}
,"/workspaces/face-detection/face-detection-repo/docker-app/src/cameraUtils.js": {"lines":{"total":95,"covered":60,"skipped":0,"pct":63.15},"functions":{"total":20,"covered":14,"skipped":0,"pct":70},"statements":{"total":98,"covered":63,"skipped":0,"pct":64.28},"branches":{"total":66,"covered":40,"skipped":0,"pct":60.6}}
,"/workspaces/face-detection/face-detection-repo/docker-app/src/drawingUtils.js": {"lines":{"total":102,"covered":0,"skipped":0,"pct":0},"functions":{"total":16,"covered":0,"skipped":0,"pct":0},"statements":{"total":117,"covered":0,"skipped":0,"pct":0},"branches":{"total":87,"covered":0,"skipped":0,"pct":0}}
,"/workspaces/face-detection/face-detection-repo/docker-app/src/faceDetection.js": {"lines":{"total":35,"covered":0,"skipped":0,"pct":0},"functions":{"total":8,"covered":0,"skipped":0,"pct":0},"statements":{"total":35,"covered":0,"skipped":0,"pct":0},"branches":{"total":17,"covered":0,"skipped":0,"pct":0}}
,"/workspaces/face-detection/face-detection-repo/docker-app/src/landmarkDrawing.js": {"lines":{"total":104,"covered":16,"skipped":0,"pct":15.38},"functions":{"total":37,"covered":14,"skipped":0,"pct":37.83},"statements":{"total":118,"covered":16,"skipped":0,"pct":13.55},"branches":{"total":33,"covered":0,"skipped":0,"pct":0}}
,"/workspaces/face-detection/face-detection-repo/docker-app/src/liteMode.js": {"lines":{"total":72,"covered":0,"skipped":0,"pct":0},"functions":{"total":15,"covered":0,"skipped":0,"pct":0},"statements":{"total":76,"covered":0,"skipped":0,"pct":0},"branches":{"total":39,"covered":0,"skipped":0,"pct":0}}
,"/workspaces/face-detection/face-detection-repo/docker-app/src/performanceMonitor.js": {"lines":{"total":98,"covered":9,"skipped":0,"pct":9.18},"functions":{"total":21,"covered":2,"skipped":0,"pct":9.52},"statements":{"total":111,"covered":9,"skipped":0,"pct":8.1},"branches":{"total":43,"covered":5,"skipped":0,"pct":11.62}}
,"/workspaces/face-detection/face-detection-repo/docker-app/src/proMode.js": {"lines":{"total":72,"covered":0,"skipped":0,"pct":0},"functions":{"total":14,"covered":0,"skipped":0,"pct":0},"statements":{"total":75,"covered":0,"skipped":0,"pct":0},"branches":{"total":33,"covered":0,"skipped":0,"pct":0}}
}
