{"total": {"lines":{"total":1186,"covered":171,"skipped":0,"pct":14.41},"statements":{"total":1250,"covered":173,"skipped":0,"pct":13.84},"functions":{"total":217,"covered":40,"skipped":0,"pct":18.43},"branches":{"total":512,"covered":42,"skipped":0,"pct":8.2},"branchesTrue":{"total":0,"covered":0,"skipped":0,"pct":"Unknown"}}
,"/workspaces/face-detection/face-detection-repo/docker-app/src/cameraUtils.js": {"lines":{"total":95,"covered":29,"skipped":0,"pct":30.52},"functions":{"total":20,"covered":7,"skipped":0,"pct":35},"statements":{"total":98,"covered":30,"skipped":0,"pct":30.61},"branches":{"total":66,"covered":14,"skipped":0,"pct":21.21}}
,"/workspaces/face-detection/face-detection-repo/docker-app/src/config.js": {"lines":{"total":21,"covered":11,"skipped":0,"pct":52.38},"functions":{"total":8,"covered":4,"skipped":0,"pct":50},"statements":{"total":21,"covered":11,"skipped":0,"pct":52.38},"branches":{"total":18,"covered":10,"skipped":0,"pct":55.55}}
,"/workspaces/face-detection/face-detection-repo/docker-app/src/drawingUtils.js": {"lines":{"total":102,"covered":0,"skipped":0,"pct":0},"functions":{"total":16,"covered":0,"skipped":0,"pct":0},"statements":{"total":117,"covered":0,"skipped":0,"pct":0},"branches":{"total":87,"covered":0,"skipped":0,"pct":0}}
,"/workspaces/face-detection/face-detection-repo/docker-app/src/faceDetection.js": {"lines":{"total":35,"covered":0,"skipped":0,"pct":0},"functions":{"total":8,"covered":0,"skipped":0,"pct":0},"statements":{"total":35,"covered":0,"skipped":0,"pct":0},"branches":{"total":17,"covered":0,"skipped":0,"pct":0}}
,"/workspaces/face-detection/face-detection-repo/docker-app/src/index-wasm.js": {"lines":{"total":263,"covered":0,"skipped":0,"pct":0},"functions":{"total":41,"covered":0,"skipped":0,"pct":0},"statements":{"total":267,"covered":0,"skipped":0,"pct":0},"branches":{"total":108,"covered":0,"skipped":0,"pct":0}}
,"/workspaces/face-detection/face-detection-repo/docker-app/src/landmarkDrawing.js": {"lines":{"total":104,"covered":16,"skipped":0,"pct":15.38},"functions":{"total":37,"covered":14,"skipped":0,"pct":37.83},"statements":{"total":118,"covered":16,"skipped":0,"pct":13.55},"branches":{"total":33,"covered":0,"skipped":0,"pct":0}}
,"/workspaces/face-detection/face-detection-repo/docker-app/src/liteMode.js": {"lines":{"total":72,"covered":0,"skipped":0,"pct":0},"functions":{"total":15,"covered":0,"skipped":0,"pct":0},"statements":{"total":76,"covered":0,"skipped":0,"pct":0},"branches":{"total":39,"covered":0,"skipped":0,"pct":0}}
,"/workspaces/face-detection/face-detection-repo/docker-app/src/performanceMonitor.js": {"lines":{"total":98,"covered":9,"skipped":0,"pct":9.18},"functions":{"total":21,"covered":2,"skipped":0,"pct":9.52},"statements":{"total":111,"covered":9,"skipped":0,"pct":8.1},"branches":{"total":43,"covered":5,"skipped":0,"pct":11.62}}
,"/workspaces/face-detection/face-detection-repo/docker-app/src/proMode.js": {"lines":{"total":73,"covered":0,"skipped":0,"pct":0},"functions":{"total":14,"covered":0,"skipped":0,"pct":0},"statements":{"total":76,"covered":0,"skipped":0,"pct":0},"branches":{"total":33,"covered":0,"skipped":0,"pct":0}}
,"/workspaces/face-detection/face-detection-repo/docker-app/src/wasmBackend.js": {"lines":{"total":79,"covered":47,"skipped":0,"pct":59.49},"functions":{"total":13,"covered":5,"skipped":0,"pct":38.46},"statements":{"total":80,"covered":47,"skipped":0,"pct":58.75},"branches":{"total":22,"covered":11,"skipped":0,"pct":50}}
,"/workspaces/face-detection/face-detection-repo/docker-app/src/wasmBenchmark.js": {"lines":{"total":126,"covered":45,"skipped":0,"pct":35.71},"functions":{"total":11,"covered":5,"skipped":0,"pct":45.45},"statements":{"total":131,"covered":46,"skipped":0,"pct":35.11},"branches":{"total":28,"covered":2,"skipped":0,"pct":7.14}}
,"/workspaces/face-detection/face-detection-repo/docker-app/src/wasmCompatibility.js": {"lines":{"total":118,"covered":14,"skipped":0,"pct":11.86},"functions":{"total":13,"covered":3,"skipped":0,"pct":23.07},"statements":{"total":120,"covered":14,"skipped":0,"pct":11.66},"branches":{"total":18,"covered":0,"skipped":0,"pct":0}}
}
