TN:
SF:src/cameraUtils.js
FN:2,(anonymous_0)
FN:15,(anonymous_1)
FN:49,(anonymous_2)
FN:50,(anonymous_3)
FN:56,(anonymous_4)
FN:60,(anonymous_5)
FN:65,(anonymous_6)
FN:72,(anonymous_7)
FN:93,(anonymous_8)
FN:96,(anonymous_9)
FN:110,(anonymous_10)
FN:125,(anonymous_11)
FN:132,(anonymous_12)
FN:140,(anonymous_13)
FN:143,(anonymous_14)
FN:154,(anonymous_15)
FN:167,(anonymous_16)
FN:184,(anonymous_17)
FN:205,(anonymous_18)
FN:209,(anonymous_19)
FNF:20
FNH:14
FNDA:84,(anonymous_0)
FNDA:20,(anonymous_1)
FNDA:4,(anonymous_2)
FNDA:4,(anonymous_3)
FNDA:0,(anonymous_4)
FNDA:0,(anonymous_5)
FNDA:0,(anonymous_6)
FNDA:16,(anonymous_7)
FNDA:4,(anonymous_8)
FNDA:4,(anonymous_9)
FNDA:0,(anonymous_10)
FNDA:68,(anonymous_11)
FNDA:11,(anonymous_12)
FNDA:19,(anonymous_13)
FNDA:18,(anonymous_14)
FNDA:5,(anonymous_15)
FNDA:11,(anonymous_16)
FNDA:1,(anonymous_17)
FNDA:0,(anonymous_18)
FNDA:0,(anonymous_19)
DA:3,84
DA:10,84
DA:11,84
DA:12,84
DA:16,20
DA:17,0
DA:18,0
DA:21,20
DA:23,20
DA:25,20
DA:26,10
DA:30,10
DA:32,10
DA:35,4
DA:38,4
DA:40,4
DA:42,4
DA:44,16
DA:45,0
DA:50,4
DA:51,4
DA:52,4
DA:53,4
DA:56,0
DA:57,0
DA:60,0
DA:61,0
DA:62,0
DA:65,0
DA:66,0
DA:67,0
DA:73,16
DA:75,16
DA:76,0
DA:77,16
DA:78,0
DA:79,16
DA:80,0
DA:81,16
DA:82,0
DA:83,16
DA:84,0
DA:86,16
DA:89,16
DA:90,16
DA:94,4
DA:96,4
DA:97,4
DA:101,4
DA:102,4
DA:105,4
DA:106,4
DA:111,0
DA:112,0
DA:116,0
DA:119,0
DA:122,0
DA:126,68
DA:129,68
DA:130,68
DA:131,68
DA:132,11
DA:135,57
DA:139,68
DA:140,19
DA:143,18
DA:149,57
DA:150,57
DA:155,5
DA:156,1
DA:159,4
DA:161,4
DA:162,2
DA:163,2
DA:168,11
DA:175,11
DA:176,3
DA:178,8
DA:181,11
DA:185,1
DA:186,1
DA:189,0
DA:190,0
DA:191,0
DA:194,0
DA:195,0
DA:206,0
DA:210,0
DA:211,0
DA:214,0
DA:215,0
DA:216,0
DA:218,0
DA:219,0
DA:221,0
LF:95
LH:60
BRDA:2,0,0,84
BRDA:4,1,0,84
BRDA:4,1,1,84
BRDA:5,2,0,84
BRDA:5,2,1,84
BRDA:6,3,0,84
BRDA:6,3,1,84
BRDA:16,4,0,0
BRDA:16,4,1,20
BRDA:25,5,0,10
BRDA:25,5,1,10
BRDA:25,6,0,20
BRDA:25,6,1,10
BRDA:51,7,0,4
BRDA:51,7,1,0
BRDA:75,8,0,0
BRDA:75,8,1,16
BRDA:75,9,0,16
BRDA:75,9,1,16
BRDA:77,10,0,0
BRDA:77,10,1,16
BRDA:77,11,0,16
BRDA:77,11,1,16
BRDA:79,12,0,0
BRDA:79,12,1,16
BRDA:79,13,0,16
BRDA:79,13,1,16
BRDA:81,14,0,0
BRDA:81,14,1,16
BRDA:81,15,0,16
BRDA:81,15,1,16
BRDA:83,16,0,0
BRDA:83,16,1,16
BRDA:86,17,0,16
BRDA:86,17,1,0
BRDA:94,18,0,4
BRDA:94,18,1,0
BRDA:101,19,0,4
BRDA:101,19,1,0
BRDA:111,20,0,0
BRDA:111,20,1,0
BRDA:116,21,0,0
BRDA:116,21,1,0
BRDA:129,22,0,68
BRDA:129,22,1,0
BRDA:145,23,0,18
BRDA:145,23,1,2
BRDA:155,24,0,1
BRDA:155,24,1,4
BRDA:161,25,0,2
BRDA:161,25,1,2
BRDA:175,26,0,3
BRDA:175,26,1,8
BRDA:185,27,0,1
BRDA:185,27,1,0
BRDA:185,28,0,1
BRDA:185,28,1,0
BRDA:190,29,0,0
BRDA:190,29,1,0
BRDA:206,30,0,0
BRDA:206,30,1,0
BRDA:206,30,2,0
BRDA:210,31,0,0
BRDA:210,31,1,0
BRDA:210,32,0,0
BRDA:210,32,1,0
BRF:66
BRH:40
end_of_record
TN:
SF:src/drawingUtils.js
FN:2,(anonymous_0)
FN:7,(anonymous_1)
FN:12,(anonymous_2)
FN:17,(anonymous_3)
FN:27,(anonymous_4)
FN:44,(anonymous_5)
FN:93,(anonymous_6)
FN:111,(anonymous_7)
FN:120,(anonymous_8)
FN:131,(anonymous_9)
FN:164,(anonymous_10)
FN:188,(anonymous_11)
FN:198,(anonymous_12)
FN:203,(anonymous_13)
FN:208,(anonymous_14)
FN:213,(anonymous_15)
FNF:16
FNH:0
FNDA:0,(anonymous_0)
FNDA:0,(anonymous_1)
FNDA:0,(anonymous_2)
FNDA:0,(anonymous_3)
FNDA:0,(anonymous_4)
FNDA:0,(anonymous_5)
FNDA:0,(anonymous_6)
FNDA:0,(anonymous_7)
FNDA:0,(anonymous_8)
FNDA:0,(anonymous_9)
FNDA:0,(anonymous_10)
FNDA:0,(anonymous_11)
FNDA:0,(anonymous_12)
FNDA:0,(anonymous_13)
FNDA:0,(anonymous_14)
FNDA:0,(anonymous_15)
DA:3,0
DA:4,0
DA:8,0
DA:9,0
DA:13,0
DA:14,0
DA:18,0
DA:20,0
DA:22,0
DA:23,0
DA:24,0
DA:28,0
DA:30,0
DA:33,0
DA:34,0
DA:37,0
DA:38,0
DA:39,0
DA:40,0
DA:45,0
DA:55,0
DA:57,0
DA:58,0
DA:59,0
DA:62,0
DA:63,0
DA:64,0
DA:67,0
DA:68,0
DA:69,0
DA:78,0
DA:79,0
DA:89,0
DA:90,0
DA:94,0
DA:96,0
DA:97,0
DA:98,0
DA:99,0
DA:100,0
DA:101,0
DA:102,0
DA:103,0
DA:104,0
DA:105,0
DA:106,0
DA:107,0
DA:108,0
DA:112,0
DA:114,0
DA:115,0
DA:116,0
DA:117,0
DA:121,0
DA:123,0
DA:124,0
DA:125,0
DA:126,0
DA:127,0
DA:128,0
DA:132,0
DA:139,0
DA:141,0
DA:142,0
DA:144,0
DA:145,0
DA:148,0
DA:149,0
DA:152,0
DA:153,0
DA:154,0
DA:157,0
DA:158,0
DA:159,0
DA:160,0
DA:165,0
DA:171,0
DA:173,0
DA:174,0
DA:176,0
DA:177,0
DA:178,0
DA:181,0
DA:182,0
DA:183,0
DA:184,0
DA:189,0
DA:191,0
DA:192,0
DA:194,0
DA:199,0
DA:200,0
DA:204,0
DA:205,0
DA:209,0
DA:210,0
DA:214,0
DA:216,0
DA:217,0
DA:218,0
DA:219,0
DA:221,0
LF:102
LH:0
BRDA:2,0,0,0
BRDA:4,1,0,0
BRDA:4,1,1,0
BRDA:13,2,0,0
BRDA:13,2,1,0
BRDA:17,3,0,0
BRDA:17,4,0,0
BRDA:18,5,0,0
BRDA:18,5,1,0
BRDA:27,6,0,0
BRDA:27,7,0,0
BRDA:27,8,0,0
BRDA:28,9,0,0
BRDA:28,9,1,0
BRDA:37,10,0,0
BRDA:37,10,1,0
BRDA:44,11,0,0
BRDA:45,12,0,0
BRDA:45,12,1,0
BRDA:48,13,0,0
BRDA:49,14,0,0
BRDA:50,15,0,0
BRDA:51,16,0,0
BRDA:52,17,0,0
BRDA:53,18,0,0
BRDA:54,19,0,0
BRDA:67,20,0,0
BRDA:67,20,1,0
BRDA:68,21,0,0
BRDA:68,21,1,0
BRDA:94,22,0,0
BRDA:94,22,1,0
BRDA:111,23,0,0
BRDA:111,24,0,0
BRDA:112,25,0,0
BRDA:112,25,1,0
BRDA:120,26,0,0
BRDA:120,27,0,0
BRDA:121,28,0,0
BRDA:121,28,1,0
BRDA:131,29,0,0
BRDA:132,30,0,0
BRDA:132,30,1,0
BRDA:132,31,0,0
BRDA:132,31,1,0
BRDA:132,31,2,0
BRDA:135,32,0,0
BRDA:136,33,0,0
BRDA:137,34,0,0
BRDA:138,35,0,0
BRDA:148,36,0,0
BRDA:148,36,1,0
BRDA:152,37,0,0
BRDA:152,37,1,0
BRDA:157,38,0,0
BRDA:157,38,1,0
BRDA:157,39,0,0
BRDA:157,39,1,0
BRDA:164,40,0,0
BRDA:165,41,0,0
BRDA:165,41,1,0
BRDA:168,42,0,0
BRDA:169,43,0,0
BRDA:170,44,0,0
BRDA:176,45,0,0
BRDA:176,45,1,0
BRDA:181,46,0,0
BRDA:181,46,1,0
BRDA:181,47,0,0
BRDA:181,47,1,0
BRDA:188,48,0,0
BRDA:188,49,0,0
BRDA:189,50,0,0
BRDA:189,50,1,0
BRDA:191,51,0,0
BRDA:191,51,1,0
BRDA:191,52,0,0
BRDA:191,52,1,0
BRDA:199,53,0,0
BRDA:199,53,1,0
BRDA:204,54,0,0
BRDA:204,54,1,0
BRDA:209,55,0,0
BRDA:209,55,1,0
BRDA:213,56,0,0
BRDA:214,57,0,0
BRDA:214,57,1,0
BRF:87
BRH:0
end_of_record
TN:
SF:src/faceDetection.js
FN:4,(anonymous_0)
FN:16,(anonymous_1)
FN:31,(anonymous_2)
FN:45,(anonymous_3)
FN:60,(anonymous_4)
FN:72,(anonymous_5)
FN:85,(anonymous_6)
FN:89,(anonymous_7)
FNF:8
FNH:0
FNDA:0,(anonymous_0)
FNDA:0,(anonymous_1)
FNDA:0,(anonymous_2)
FNDA:0,(anonymous_3)
FNDA:0,(anonymous_4)
FNDA:0,(anonymous_5)
FNDA:0,(anonymous_6)
FNDA:0,(anonymous_7)
DA:5,0
DA:12,0
DA:13,0
DA:17,0
DA:18,0
DA:19,0
DA:23,0
DA:24,0
DA:26,0
DA:27,0
DA:32,0
DA:33,0
DA:36,0
DA:37,0
DA:38,0
DA:40,0
DA:41,0
DA:46,0
DA:47,0
DA:50,0
DA:51,0
DA:53,0
DA:55,0
DA:56,0
DA:61,0
DA:62,0
DA:65,0
DA:66,0
DA:73,0
DA:74,0
DA:75,0
DA:78,0
DA:79,0
DA:86,0
DA:90,0
LF:35
LH:0
BRDA:4,0,0,0
BRDA:6,1,0,0
BRDA:6,1,1,0
BRDA:7,2,0,0
BRDA:7,2,1,0
BRDA:8,3,0,0
BRDA:8,3,1,0
BRDA:32,4,0,0
BRDA:32,4,1,0
BRDA:46,5,0,0
BRDA:46,5,1,0
BRDA:61,6,0,0
BRDA:61,6,1,0
BRDA:61,7,0,0
BRDA:61,7,1,0
BRDA:74,8,0,0
BRDA:74,8,1,0
BRF:17
BRH:0
end_of_record
TN:
SF:src/landmarkDrawing.js
FN:9,(anonymous_0)
FN:10,(anonymous_1)
FN:11,(anonymous_2)
FN:12,(anonymous_3)
FN:13,(anonymous_4)
FN:14,(anonymous_5)
FN:15,(anonymous_6)
FN:21,(anonymous_7)
FN:24,(anonymous_8)
FN:25,(anonymous_9)
FN:34,(anonymous_10)
FN:35,(anonymous_11)
FN:38,(anonymous_12)
FN:39,(anonymous_13)
FN:42,drawLandmarks
FN:46,(anonymous_15)
FN:66,(anonymous_16)
FN:76,drawFaceContours
FN:86,(anonymous_18)
FN:89,(anonymous_19)
FN:90,(anonymous_20)
FN:93,(anonymous_21)
FN:94,(anonymous_22)
FN:97,(anonymous_23)
FN:98,(anonymous_24)
FN:101,drawExpressions
FN:103,(anonymous_26)
FN:104,(anonymous_27)
FN:113,(anonymous_28)
FN:130,drawAgeGender
FN:157,drawSmoothCurve
FN:184,getRegionForPoint
FN:195,getExpressionColor
FN:210,animateLandmarks
FN:213,(anonymous_34)
FN:224,getLandmarkRegions
FN:228,getLandmarkConnections
FNF:37
FNH:14
FNDA:35,(anonymous_0)
FNDA:35,(anonymous_1)
FNDA:63,(anonymous_2)
FNDA:42,(anonymous_3)
FNDA:42,(anonymous_4)
FNDA:84,(anonymous_5)
FNDA:56,(anonymous_6)
FNDA:112,(anonymous_7)
FNDA:28,(anonymous_8)
FNDA:28,(anonymous_9)
FNDA:42,(anonymous_10)
FNDA:42,(anonymous_11)
FNDA:84,(anonymous_12)
FNDA:56,(anonymous_13)
FNDA:0,drawLandmarks
FNDA:0,(anonymous_15)
FNDA:0,(anonymous_16)
FNDA:0,drawFaceContours
FNDA:0,(anonymous_18)
FNDA:0,(anonymous_19)
FNDA:0,(anonymous_20)
FNDA:0,(anonymous_21)
FNDA:0,(anonymous_22)
FNDA:0,(anonymous_23)
FNDA:0,(anonymous_24)
FNDA:0,drawExpressions
FNDA:0,(anonymous_26)
FNDA:0,(anonymous_27)
FNDA:0,(anonymous_28)
FNDA:0,drawAgeGender
FNDA:0,drawSmoothCurve
FNDA:0,getRegionForPoint
FNDA:0,getExpressionColor
FNDA:0,animateLandmarks
FNDA:0,(anonymous_34)
FNDA:0,getLandmarkRegions
FNDA:0,getLandmarkConnections
DA:7,7
DA:9,35
DA:10,35
DA:11,63
DA:12,42
DA:13,42
DA:14,84
DA:15,56
DA:19,7
DA:21,112
DA:24,28
DA:25,28
DA:34,42
DA:35,42
DA:38,84
DA:39,56
DA:43,0
DA:46,0
DA:47,0
DA:48,0
DA:51,0
DA:52,0
DA:53,0
DA:54,0
DA:56,0
DA:57,0
DA:58,0
DA:59,0
DA:63,0
DA:64,0
DA:66,0
DA:67,0
DA:68,0
DA:69,0
DA:70,0
DA:71,0
DA:77,0
DA:80,0
DA:81,0
DA:82,0
DA:83,0
DA:86,0
DA:89,0
DA:90,0
DA:93,0
DA:94,0
DA:97,0
DA:98,0
DA:102,0
DA:103,0
DA:104,0
DA:108,0
DA:110,0
DA:111,0
DA:113,0
DA:114,0
DA:115,0
DA:118,0
DA:119,0
DA:120,0
DA:123,0
DA:124,0
DA:126,0
DA:131,0
DA:132,0
DA:136,0
DA:138,0
DA:139,0
DA:142,0
DA:147,0
DA:148,0
DA:151,0
DA:152,0
DA:153,0
DA:158,0
DA:160,0
DA:161,0
DA:164,0
DA:165,0
DA:166,0
DA:167,0
DA:171,0
DA:172,0
DA:173,0
DA:174,0
DA:175,0
DA:177,0
DA:180,0
DA:185,0
DA:186,0
DA:187,0
DA:188,0
DA:189,0
DA:190,0
DA:191,0
DA:196,0
DA:206,0
DA:211,0
DA:213,0
DA:214,0
DA:215,0
DA:221,0
DA:225,0
DA:229,0
LF:104
LH:16
BRDA:48,0,0,0
BRDA:48,0,1,0
BRDA:67,1,0,0
BRDA:67,1,1,0
BRDA:67,2,0,0
BRDA:67,2,1,0
BRDA:132,3,0,0
BRDA:132,3,1,0
BRDA:157,4,0,0
BRDA:158,5,0,0
BRDA:158,5,1,0
BRDA:171,6,0,0
BRDA:171,6,1,0
BRDA:171,7,0,0
BRDA:171,7,1,0
BRDA:185,8,0,0
BRDA:185,8,1,0
BRDA:186,9,0,0
BRDA:186,9,1,0
BRDA:187,10,0,0
BRDA:187,10,1,0
BRDA:188,11,0,0
BRDA:188,11,1,0
BRDA:188,12,0,0
BRDA:188,12,1,0
BRDA:190,13,0,0
BRDA:190,13,1,0
BRDA:206,14,0,0
BRDA:206,14,1,0
BRDA:211,15,0,0
BRDA:211,15,1,0
BRDA:211,16,0,0
BRDA:211,16,1,0
BRF:33
BRH:0
end_of_record
TN:
SF:src/liteMode.js
FN:8,(anonymous_0)
FN:34,(anonymous_1)
FN:53,(anonymous_2)
FN:60,(anonymous_3)
FN:72,(anonymous_4)
FN:87,(anonymous_5)
FN:97,(anonymous_6)
FN:116,(anonymous_7)
FN:153,(anonymous_8)
FN:156,(anonymous_9)
FN:187,(anonymous_10)
FN:192,(anonymous_11)
FN:199,(anonymous_12)
FN:204,(anonymous_13)
FN:208,(anonymous_14)
FNF:15
FNH:0
FNDA:0,(anonymous_0)
FNDA:0,(anonymous_1)
FNDA:0,(anonymous_2)
FNDA:0,(anonymous_3)
FNDA:0,(anonymous_4)
FNDA:0,(anonymous_5)
FNDA:0,(anonymous_6)
FNDA:0,(anonymous_7)
FNDA:0,(anonymous_8)
FNDA:0,(anonymous_9)
FNDA:0,(anonymous_10)
FNDA:0,(anonymous_11)
FNDA:0,(anonymous_12)
FNDA:0,(anonymous_13)
FNDA:0,(anonymous_14)
DA:9,0
DA:19,0
DA:23,0
DA:24,0
DA:25,0
DA:27,0
DA:28,0
DA:29,0
DA:30,0
DA:31,0
DA:35,0
DA:36,0
DA:39,0
DA:42,0
DA:45,0
DA:48,0
DA:50,0
DA:54,0
DA:55,0
DA:56,0
DA:61,0
DA:62,0
DA:63,0
DA:66,0
DA:67,0
DA:68,0
DA:69,0
DA:73,0
DA:74,0
DA:75,0
DA:76,0
DA:80,0
DA:83,0
DA:84,0
DA:88,0
DA:89,0
DA:92,0
DA:95,0
DA:96,0
DA:97,0
DA:98,0
DA:101,0
DA:103,0
DA:106,0
DA:110,0
DA:113,0
DA:116,0
DA:117,0
DA:118,0
DA:121,0
DA:128,0
DA:129,0
DA:130,0
DA:145,0
DA:146,0
DA:149,0
DA:152,0
DA:153,0
DA:157,0
DA:158,0
DA:161,0
DA:174,0
DA:188,0
DA:189,0
DA:193,0
DA:194,0
DA:196,0
DA:200,0
DA:201,0
DA:205,0
DA:209,0
DA:210,0
LF:72
LH:0
BRDA:8,0,0,0
BRDA:10,1,0,0
BRDA:10,1,1,0
BRDA:11,2,0,0
BRDA:11,2,1,0
BRDA:13,3,0,0
BRDA:13,3,1,0
BRDA:14,4,0,0
BRDA:14,4,1,0
BRDA:15,5,0,0
BRDA:15,5,1,0
BRDA:54,6,0,0
BRDA:54,6,1,0
BRDA:54,7,0,0
BRDA:54,7,1,0
BRDA:61,8,0,0
BRDA:61,8,1,0
BRDA:74,9,0,0
BRDA:74,9,1,0
BRDA:88,10,0,0
BRDA:88,10,1,0
BRDA:95,11,0,0
BRDA:95,11,1,0
BRDA:95,12,0,0
BRDA:95,12,1,0
BRDA:117,13,0,0
BRDA:117,13,1,0
BRDA:118,14,0,0
BRDA:118,14,1,0
BRDA:128,15,0,0
BRDA:128,15,1,0
BRDA:166,16,0,0
BRDA:166,16,1,0
BRDA:193,17,0,0
BRDA:193,17,1,0
BRDA:200,18,0,0
BRDA:200,18,1,0
BRDA:201,19,0,0
BRDA:201,19,1,0
BRF:39
BRH:0
end_of_record
TN:
SF:src/performanceMonitor.js
FN:2,(anonymous_0)
FN:12,(anonymous_1)
FN:21,(anonymous_2)
FN:25,(anonymous_3)
FN:41,(anonymous_4)
FN:50,(anonymous_5)
FN:53,(anonymous_6)
FN:57,(anonymous_7)
FN:62,(anonymous_8)
FN:67,(anonymous_9)
FN:75,(anonymous_10)
FN:88,(anonymous_11)
FN:93,(anonymous_12)
FN:103,(anonymous_13)
FN:115,(anonymous_14)
FN:123,(anonymous_15)
FN:133,(anonymous_16)
FN:153,(anonymous_17)
FN:164,(anonymous_18)
FN:175,(anonymous_19)
FN:191,(anonymous_20)
FNF:21
FNH:2
FNDA:77,(anonymous_0)
FNDA:77,(anonymous_1)
FNDA:0,(anonymous_2)
FNDA:0,(anonymous_3)
FNDA:0,(anonymous_4)
FNDA:0,(anonymous_5)
FNDA:0,(anonymous_6)
FNDA:0,(anonymous_7)
FNDA:0,(anonymous_8)
FNDA:0,(anonymous_9)
FNDA:0,(anonymous_10)
FNDA:0,(anonymous_11)
FNDA:0,(anonymous_12)
FNDA:0,(anonymous_13)
FNDA:0,(anonymous_14)
FNDA:0,(anonymous_15)
FNDA:0,(anonymous_16)
FNDA:0,(anonymous_17)
FNDA:0,(anonymous_18)
FNDA:0,(anonymous_19)
FNDA:0,(anonymous_20)
DA:3,77
DA:9,77
DA:13,77
DA:14,77
DA:15,77
DA:16,77
DA:17,77
DA:18,77
DA:22,0
DA:26,0
DA:28,0
DA:29,0
DA:32,0
DA:33,0
DA:36,0
DA:37,0
DA:38,0
DA:42,0
DA:44,0
DA:45,0
DA:47,0
DA:51,0
DA:53,0
DA:54,0
DA:58,0
DA:59,0
DA:63,0
DA:64,0
DA:68,0
DA:76,0
DA:77,0
DA:78,0
DA:79,0
DA:82,0
DA:83,0
DA:85,0
DA:89,0
DA:90,0
DA:91,0
DA:92,0
DA:93,0
DA:95,0
DA:96,0
DA:98,0
DA:99,0
DA:104,0
DA:105,0
DA:106,0
DA:107,0
DA:108,0
DA:110,0
DA:111,0
DA:116,0
DA:117,0
DA:118,0
DA:120,0
DA:124,0
DA:125,0
DA:126,0
DA:127,0
DA:130,0
DA:134,0
DA:135,0
DA:136,0
DA:137,0
DA:138,0
DA:140,0
DA:154,0
DA:156,0
DA:164,0
DA:165,0
DA:166,0
DA:167,0
DA:168,0
DA:169,0
DA:172,0
DA:176,0
DA:177,0
DA:180,0
DA:183,0
DA:184,0
DA:185,0
DA:186,0
DA:188,0
DA:192,0
DA:193,0
DA:194,0
DA:195,0
DA:196,0
DA:197,0
DA:198,0
DA:199,0
DA:201,0
DA:202,0
DA:204,0
DA:205,0
DA:208,0
DA:213,7
LF:98
LH:9
BRDA:2,0,0,77
BRDA:4,1,0,77
BRDA:4,1,1,77
BRDA:5,2,0,77
BRDA:5,2,1,77
BRDA:26,3,0,0
BRDA:26,3,1,0
BRDA:32,4,0,0
BRDA:32,4,1,0
BRDA:42,5,0,0
BRDA:42,5,1,0
BRDA:45,6,0,0
BRDA:45,6,1,0
BRDA:51,7,0,0
BRDA:51,7,1,0
BRDA:58,8,0,0
BRDA:58,8,1,0
BRDA:63,9,0,0
BRDA:63,9,1,0
BRDA:77,10,0,0
BRDA:77,10,1,0
BRDA:77,11,0,0
BRDA:77,11,1,0
BRDA:92,12,0,0
BRDA:92,12,1,0
BRDA:117,13,0,0
BRDA:117,13,1,0
BRDA:117,14,0,0
BRDA:117,14,1,0
BRDA:126,15,0,0
BRDA:126,15,1,0
BRDA:154,16,0,0
BRDA:154,16,1,0
BRDA:165,17,0,0
BRDA:165,17,1,0
BRDA:166,18,0,0
BRDA:166,18,1,0
BRDA:167,19,0,0
BRDA:167,19,1,0
BRDA:168,20,0,0
BRDA:168,20,1,0
BRDA:204,21,0,0
BRDA:204,21,1,0
BRF:43
BRH:5
end_of_record
TN:
SF:src/proMode.js
FN:10,(anonymous_0)
FN:37,(anonymous_1)
FN:41,(anonymous_2)
FN:71,(anonymous_3)
FN:91,(anonymous_4)
FN:100,(anonymous_5)
FN:130,(anonymous_6)
FN:170,(anonymous_7)
FN:176,(anonymous_8)
FN:180,(anonymous_9)
FN:181,(anonymous_10)
FN:183,(anonymous_11)
FN:191,(anonymous_12)
FN:195,(anonymous_13)
FNF:14
FNH:0
FNDA:0,(anonymous_0)
FNDA:0,(anonymous_1)
FNDA:0,(anonymous_2)
FNDA:0,(anonymous_3)
FNDA:0,(anonymous_4)
FNDA:0,(anonymous_5)
FNDA:0,(anonymous_6)
FNDA:0,(anonymous_7)
FNDA:0,(anonymous_8)
FNDA:0,(anonymous_9)
FNDA:0,(anonymous_10)
FNDA:0,(anonymous_11)
FNDA:0,(anonymous_12)
FNDA:0,(anonymous_13)
DA:11,0
DA:12,0
DA:13,0
DA:14,0
DA:22,0
DA:38,0
DA:39,0
DA:41,0
DA:42,0
DA:43,0
DA:46,0
DA:55,0
DA:60,0
DA:61,0
DA:63,0
DA:64,0
DA:68,0
DA:72,0
DA:73,0
DA:76,0
DA:78,0
DA:84,0
DA:86,0
DA:87,0
DA:92,0
DA:95,0
DA:98,0
DA:100,0
DA:101,0
DA:104,0
DA:107,0
DA:108,0
DA:112,0
DA:113,0
DA:117,0
DA:118,0
DA:122,0
DA:123,0
DA:127,0
DA:131,0
DA:133,0
DA:134,0
DA:135,0
DA:138,0
DA:139,0
DA:142,0
DA:143,0
DA:144,0
DA:145,0
DA:146,0
DA:149,0
DA:150,0
DA:151,0
DA:152,0
DA:153,0
DA:156,0
DA:157,0
DA:158,0
DA:159,0
DA:160,0
DA:163,0
DA:164,0
DA:165,0
DA:166,0
DA:167,0
DA:171,0
DA:172,0
DA:177,0
DA:181,0
DA:183,0
DA:192,0
DA:195,0
LF:72
LH:0
BRDA:38,0,0,0
BRDA:38,0,1,0
BRDA:39,1,0,0
BRDA:39,1,1,0
BRDA:72,2,0,0
BRDA:72,2,1,0
BRDA:107,3,0,0
BRDA:107,3,1,0
BRDA:107,4,0,0
BRDA:107,4,1,0
BRDA:112,5,0,0
BRDA:112,5,1,0
BRDA:112,6,0,0
BRDA:112,6,1,0
BRDA:117,7,0,0
BRDA:117,7,1,0
BRDA:117,8,0,0
BRDA:117,8,1,0
BRDA:122,9,0,0
BRDA:122,9,1,0
BRDA:122,10,0,0
BRDA:122,10,1,0
BRDA:122,10,2,0
BRDA:171,11,0,0
BRDA:171,11,1,0
BRDA:183,12,0,0
BRDA:183,12,1,0
BRDA:184,13,0,0
BRDA:184,13,1,0
BRDA:185,14,0,0
BRDA:185,14,1,0
BRDA:186,15,0,0
BRDA:186,15,1,0
BRF:33
BRH:0
end_of_record
