TN:
SF:src/cameraUtils.js
FN:2,(anonymous_0)
FN:15,(anonymous_1)
FN:49,(anonymous_2)
FN:50,(anonymous_3)
FN:56,(anonymous_4)
FN:60,(anonymous_5)
FN:65,(anonymous_6)
FN:72,(anonymous_7)
FN:93,(anonymous_8)
FN:96,(anonymous_9)
FN:110,(anonymous_10)
FN:125,(anonymous_11)
FN:132,(anonymous_12)
FN:140,(anonymous_13)
FN:143,(anonymous_14)
FN:154,(anonymous_15)
FN:167,(anonymous_16)
FN:184,(anonymous_17)
FN:205,(anonymous_18)
FN:209,(anonymous_19)
FNF:20
FNH:7
FNDA:8,(anonymous_0)
FNDA:1,(anonymous_1)
FNDA:1,(anonymous_2)
FNDA:1,(anonymous_3)
FNDA:0,(anonymous_4)
FNDA:0,(anonymous_5)
FNDA:0,(anonymous_6)
FNDA:0,(anonymous_7)
FNDA:0,(anonymous_8)
FNDA:0,(anonymous_9)
FNDA:0,(anonymous_10)
FNDA:1,(anonymous_11)
FNDA:1,(anonymous_12)
FNDA:0,(anonymous_13)
FNDA:0,(anonymous_14)
FNDA:0,(anonymous_15)
FNDA:1,(anonymous_16)
FNDA:0,(anonymous_17)
FNDA:0,(anonymous_18)
FNDA:0,(anonymous_19)
DA:3,8
DA:10,8
DA:11,8
DA:12,8
DA:16,1
DA:17,0
DA:18,0
DA:21,1
DA:23,1
DA:25,1
DA:26,0
DA:30,1
DA:32,1
DA:35,1
DA:38,1
DA:40,0
DA:42,0
DA:44,0
DA:45,0
DA:50,1
DA:51,1
DA:52,0
DA:53,0
DA:56,1
DA:57,0
DA:60,1
DA:61,0
DA:62,0
DA:65,1
DA:66,0
DA:67,0
DA:73,0
DA:75,0
DA:76,0
DA:77,0
DA:78,0
DA:79,0
DA:80,0
DA:81,0
DA:82,0
DA:83,0
DA:84,0
DA:86,0
DA:89,0
DA:90,0
DA:94,0
DA:96,0
DA:97,0
DA:101,0
DA:102,0
DA:105,0
DA:106,0
DA:111,0
DA:112,0
DA:116,0
DA:119,0
DA:122,0
DA:126,1
DA:129,1
DA:130,1
DA:131,1
DA:132,1
DA:135,0
DA:139,1
DA:140,0
DA:143,0
DA:149,1
DA:150,1
DA:155,0
DA:156,0
DA:159,0
DA:161,0
DA:162,0
DA:163,0
DA:168,1
DA:175,1
DA:176,0
DA:178,1
DA:181,1
DA:185,0
DA:186,0
DA:189,0
DA:190,0
DA:191,0
DA:194,0
DA:195,0
DA:206,0
DA:210,0
DA:211,0
DA:214,0
DA:215,0
DA:216,0
DA:218,0
DA:219,0
DA:221,0
LF:95
LH:29
BRDA:2,0,0,8
BRDA:4,1,0,8
BRDA:4,1,1,8
BRDA:5,2,0,8
BRDA:5,2,1,8
BRDA:6,3,0,8
BRDA:6,3,1,8
BRDA:16,4,0,0
BRDA:16,4,1,1
BRDA:25,5,0,0
BRDA:25,5,1,1
BRDA:25,6,0,1
BRDA:25,6,1,1
BRDA:51,7,0,0
BRDA:51,7,1,1
BRDA:75,8,0,0
BRDA:75,8,1,0
BRDA:75,9,0,0
BRDA:75,9,1,0
BRDA:77,10,0,0
BRDA:77,10,1,0
BRDA:77,11,0,0
BRDA:77,11,1,0
BRDA:79,12,0,0
BRDA:79,12,1,0
BRDA:79,13,0,0
BRDA:79,13,1,0
BRDA:81,14,0,0
BRDA:81,14,1,0
BRDA:81,15,0,0
BRDA:81,15,1,0
BRDA:83,16,0,0
BRDA:83,16,1,0
BRDA:86,17,0,0
BRDA:86,17,1,0
BRDA:94,18,0,0
BRDA:94,18,1,0
BRDA:101,19,0,0
BRDA:101,19,1,0
BRDA:111,20,0,0
BRDA:111,20,1,0
BRDA:116,21,0,0
BRDA:116,21,1,0
BRDA:129,22,0,1
BRDA:129,22,1,0
BRDA:145,23,0,0
BRDA:145,23,1,0
BRDA:155,24,0,0
BRDA:155,24,1,0
BRDA:161,25,0,0
BRDA:161,25,1,0
BRDA:175,26,0,0
BRDA:175,26,1,1
BRDA:185,27,0,0
BRDA:185,27,1,0
BRDA:185,28,0,0
BRDA:185,28,1,0
BRDA:190,29,0,0
BRDA:190,29,1,0
BRDA:206,30,0,0
BRDA:206,30,1,0
BRDA:206,30,2,0
BRDA:210,31,0,0
BRDA:210,31,1,0
BRDA:210,32,0,0
BRDA:210,32,1,0
BRF:66
BRH:14
end_of_record
TN:
SF:src/config.js
FN:7,(anonymous_0)
FN:11,(anonymous_1)
FN:44,(anonymous_2)
FN:48,(anonymous_3)
FN:52,(anonymous_4)
FN:61,(anonymous_5)
FN:78,(anonymous_6)
FN:86,(anonymous_7)
FNF:8
FNH:4
FNDA:1,(anonymous_0)
FNDA:1,(anonymous_1)
FNDA:0,(anonymous_2)
FNDA:0,(anonymous_3)
FNDA:0,(anonymous_4)
FNDA:0,(anonymous_5)
FNDA:3,(anonymous_6)
FNDA:3,(anonymous_7)
DA:8,1
DA:13,1
DA:20,1
DA:21,0
DA:25,1
DA:26,1
DA:27,1
DA:30,1
DA:31,0
DA:32,0
DA:41,1
DA:45,0
DA:49,0
DA:53,0
DA:63,0
DA:66,0
DA:67,0
DA:71,0
DA:79,3
DA:87,3
DA:96,1
LF:21
LH:11
BRDA:20,0,0,0
BRDA:20,0,1,1
BRDA:20,1,0,1
BRDA:20,1,1,1
BRDA:25,2,0,1
BRDA:25,2,1,0
BRDA:25,3,0,1
BRDA:25,3,1,1
BRDA:30,4,0,0
BRDA:30,4,1,1
BRDA:30,5,0,1
BRDA:30,5,1,0
BRDA:66,6,0,0
BRDA:66,6,1,0
BRDA:89,7,0,3
BRDA:89,7,1,0
BRDA:90,8,0,3
BRDA:90,8,1,0
BRF:18
BRH:10
end_of_record
TN:
SF:src/drawingUtils.js
FN:2,(anonymous_0)
FN:7,(anonymous_1)
FN:12,(anonymous_2)
FN:17,(anonymous_3)
FN:27,(anonymous_4)
FN:44,(anonymous_5)
FN:93,(anonymous_6)
FN:111,(anonymous_7)
FN:120,(anonymous_8)
FN:131,(anonymous_9)
FN:164,(anonymous_10)
FN:188,(anonymous_11)
FN:198,(anonymous_12)
FN:203,(anonymous_13)
FN:208,(anonymous_14)
FN:213,(anonymous_15)
FNF:16
FNH:0
FNDA:0,(anonymous_0)
FNDA:0,(anonymous_1)
FNDA:0,(anonymous_2)
FNDA:0,(anonymous_3)
FNDA:0,(anonymous_4)
FNDA:0,(anonymous_5)
FNDA:0,(anonymous_6)
FNDA:0,(anonymous_7)
FNDA:0,(anonymous_8)
FNDA:0,(anonymous_9)
FNDA:0,(anonymous_10)
FNDA:0,(anonymous_11)
FNDA:0,(anonymous_12)
FNDA:0,(anonymous_13)
FNDA:0,(anonymous_14)
FNDA:0,(anonymous_15)
DA:3,0
DA:4,0
DA:8,0
DA:9,0
DA:13,0
DA:14,0
DA:18,0
DA:20,0
DA:22,0
DA:23,0
DA:24,0
DA:28,0
DA:30,0
DA:33,0
DA:34,0
DA:37,0
DA:38,0
DA:39,0
DA:40,0
DA:45,0
DA:55,0
DA:57,0
DA:58,0
DA:59,0
DA:62,0
DA:63,0
DA:64,0
DA:67,0
DA:68,0
DA:69,0
DA:78,0
DA:79,0
DA:89,0
DA:90,0
DA:94,0
DA:96,0
DA:97,0
DA:98,0
DA:99,0
DA:100,0
DA:101,0
DA:102,0
DA:103,0
DA:104,0
DA:105,0
DA:106,0
DA:107,0
DA:108,0
DA:112,0
DA:114,0
DA:115,0
DA:116,0
DA:117,0
DA:121,0
DA:123,0
DA:124,0
DA:125,0
DA:126,0
DA:127,0
DA:128,0
DA:132,0
DA:139,0
DA:141,0
DA:142,0
DA:144,0
DA:145,0
DA:148,0
DA:149,0
DA:152,0
DA:153,0
DA:154,0
DA:157,0
DA:158,0
DA:159,0
DA:160,0
DA:165,0
DA:171,0
DA:173,0
DA:174,0
DA:176,0
DA:177,0
DA:178,0
DA:181,0
DA:182,0
DA:183,0
DA:184,0
DA:189,0
DA:191,0
DA:192,0
DA:194,0
DA:199,0
DA:200,0
DA:204,0
DA:205,0
DA:209,0
DA:210,0
DA:214,0
DA:216,0
DA:217,0
DA:218,0
DA:219,0
DA:221,0
LF:102
LH:0
BRDA:2,0,0,0
BRDA:4,1,0,0
BRDA:4,1,1,0
BRDA:13,2,0,0
BRDA:13,2,1,0
BRDA:17,3,0,0
BRDA:17,4,0,0
BRDA:18,5,0,0
BRDA:18,5,1,0
BRDA:27,6,0,0
BRDA:27,7,0,0
BRDA:27,8,0,0
BRDA:28,9,0,0
BRDA:28,9,1,0
BRDA:37,10,0,0
BRDA:37,10,1,0
BRDA:44,11,0,0
BRDA:45,12,0,0
BRDA:45,12,1,0
BRDA:48,13,0,0
BRDA:49,14,0,0
BRDA:50,15,0,0
BRDA:51,16,0,0
BRDA:52,17,0,0
BRDA:53,18,0,0
BRDA:54,19,0,0
BRDA:67,20,0,0
BRDA:67,20,1,0
BRDA:68,21,0,0
BRDA:68,21,1,0
BRDA:94,22,0,0
BRDA:94,22,1,0
BRDA:111,23,0,0
BRDA:111,24,0,0
BRDA:112,25,0,0
BRDA:112,25,1,0
BRDA:120,26,0,0
BRDA:120,27,0,0
BRDA:121,28,0,0
BRDA:121,28,1,0
BRDA:131,29,0,0
BRDA:132,30,0,0
BRDA:132,30,1,0
BRDA:132,31,0,0
BRDA:132,31,1,0
BRDA:132,31,2,0
BRDA:135,32,0,0
BRDA:136,33,0,0
BRDA:137,34,0,0
BRDA:138,35,0,0
BRDA:148,36,0,0
BRDA:148,36,1,0
BRDA:152,37,0,0
BRDA:152,37,1,0
BRDA:157,38,0,0
BRDA:157,38,1,0
BRDA:157,39,0,0
BRDA:157,39,1,0
BRDA:164,40,0,0
BRDA:165,41,0,0
BRDA:165,41,1,0
BRDA:168,42,0,0
BRDA:169,43,0,0
BRDA:170,44,0,0
BRDA:176,45,0,0
BRDA:176,45,1,0
BRDA:181,46,0,0
BRDA:181,46,1,0
BRDA:181,47,0,0
BRDA:181,47,1,0
BRDA:188,48,0,0
BRDA:188,49,0,0
BRDA:189,50,0,0
BRDA:189,50,1,0
BRDA:191,51,0,0
BRDA:191,51,1,0
BRDA:191,52,0,0
BRDA:191,52,1,0
BRDA:199,53,0,0
BRDA:199,53,1,0
BRDA:204,54,0,0
BRDA:204,54,1,0
BRDA:209,55,0,0
BRDA:209,55,1,0
BRDA:213,56,0,0
BRDA:214,57,0,0
BRDA:214,57,1,0
BRF:87
BRH:0
end_of_record
TN:
SF:src/faceDetection.js
FN:5,(anonymous_0)
FN:17,(anonymous_1)
FN:32,(anonymous_2)
FN:46,(anonymous_3)
FN:61,(anonymous_4)
FN:73,(anonymous_5)
FN:86,(anonymous_6)
FN:90,(anonymous_7)
FNF:8
FNH:0
FNDA:0,(anonymous_0)
FNDA:0,(anonymous_1)
FNDA:0,(anonymous_2)
FNDA:0,(anonymous_3)
FNDA:0,(anonymous_4)
FNDA:0,(anonymous_5)
FNDA:0,(anonymous_6)
FNDA:0,(anonymous_7)
DA:6,0
DA:13,0
DA:14,0
DA:18,0
DA:19,0
DA:20,0
DA:24,0
DA:25,0
DA:27,0
DA:28,0
DA:33,0
DA:34,0
DA:37,0
DA:38,0
DA:39,0
DA:41,0
DA:42,0
DA:47,0
DA:48,0
DA:51,0
DA:52,0
DA:54,0
DA:56,0
DA:57,0
DA:62,0
DA:63,0
DA:66,0
DA:67,0
DA:74,0
DA:75,0
DA:76,0
DA:79,0
DA:80,0
DA:87,0
DA:91,0
LF:35
LH:0
BRDA:5,0,0,0
BRDA:7,1,0,0
BRDA:7,1,1,0
BRDA:8,2,0,0
BRDA:8,2,1,0
BRDA:9,3,0,0
BRDA:9,3,1,0
BRDA:33,4,0,0
BRDA:33,4,1,0
BRDA:47,5,0,0
BRDA:47,5,1,0
BRDA:62,6,0,0
BRDA:62,6,1,0
BRDA:62,7,0,0
BRDA:62,7,1,0
BRDA:75,8,0,0
BRDA:75,8,1,0
BRF:17
BRH:0
end_of_record
TN:
SF:src/index-wasm.js
FN:18,(anonymous_0)
FN:43,(anonymous_1)
FN:80,(anonymous_2)
FN:89,(anonymous_3)
FN:90,(anonymous_4)
FN:112,(anonymous_5)
FN:143,(anonymous_6)
FN:205,(anonymous_7)
FN:206,(anonymous_8)
FN:209,(anonymous_9)
FN:210,(anonymous_10)
FN:224,(anonymous_11)
FN:232,(anonymous_12)
FN:240,(anonymous_13)
FN:251,(anonymous_14)
FN:274,(anonymous_15)
FN:279,(anonymous_16)
FN:281,(anonymous_17)
FN:284,(anonymous_18)
FN:293,(anonymous_19)
FN:316,(anonymous_20)
FN:328,(anonymous_21)
FN:337,(anonymous_22)
FN:355,(anonymous_23)
FN:382,(anonymous_24)
FN:399,(anonymous_25)
FN:419,(anonymous_26)
FN:433,(anonymous_27)
FN:441,(anonymous_28)
FN:458,(anonymous_29)
FN:468,(anonymous_30)
FN:513,(anonymous_31)
FN:519,(anonymous_32)
FN:533,(anonymous_33)
FN:548,(anonymous_34)
FN:569,(anonymous_35)
FN:600,(anonymous_36)
FN:614,(anonymous_37)
FN:623,(anonymous_38)
FN:630,(anonymous_39)
FN:639,(anonymous_40)
FNF:41
FNH:0
FNDA:0,(anonymous_0)
FNDA:0,(anonymous_1)
FNDA:0,(anonymous_2)
FNDA:0,(anonymous_3)
FNDA:0,(anonymous_4)
FNDA:0,(anonymous_5)
FNDA:0,(anonymous_6)
FNDA:0,(anonymous_7)
FNDA:0,(anonymous_8)
FNDA:0,(anonymous_9)
FNDA:0,(anonymous_10)
FNDA:0,(anonymous_11)
FNDA:0,(anonymous_12)
FNDA:0,(anonymous_13)
FNDA:0,(anonymous_14)
FNDA:0,(anonymous_15)
FNDA:0,(anonymous_16)
FNDA:0,(anonymous_17)
FNDA:0,(anonymous_18)
FNDA:0,(anonymous_19)
FNDA:0,(anonymous_20)
FNDA:0,(anonymous_21)
FNDA:0,(anonymous_22)
FNDA:0,(anonymous_23)
FNDA:0,(anonymous_24)
FNDA:0,(anonymous_25)
FNDA:0,(anonymous_26)
FNDA:0,(anonymous_27)
FNDA:0,(anonymous_28)
FNDA:0,(anonymous_29)
FNDA:0,(anonymous_30)
FNDA:0,(anonymous_31)
FNDA:0,(anonymous_32)
FNDA:0,(anonymous_33)
FNDA:0,(anonymous_34)
FNDA:0,(anonymous_35)
FNDA:0,(anonymous_36)
FNDA:0,(anonymous_37)
FNDA:0,(anonymous_38)
FNDA:0,(anonymous_39)
FNDA:0,(anonymous_40)
DA:19,0
DA:20,0
DA:21,0
DA:22,0
DA:23,0
DA:24,0
DA:25,0
DA:26,0
DA:27,0
DA:28,0
DA:29,0
DA:30,0
DA:33,0
DA:39,0
DA:40,0
DA:44,0
DA:46,0
DA:49,0
DA:50,0
DA:51,0
DA:54,0
DA:55,0
DA:63,0
DA:64,0
DA:65,0
DA:67,0
DA:68,0
DA:69,0
DA:70,0
DA:73,0
DA:75,0
DA:76,0
DA:81,0
DA:84,0
DA:89,0
DA:90,0
DA:94,0
DA:95,0
DA:96,0
DA:98,0
DA:99,0
DA:101,0
DA:105,0
DA:107,0
DA:108,0
DA:113,0
DA:115,0
DA:116,0
DA:117,0
DA:118,0
DA:121,0
DA:129,0
DA:131,0
DA:132,0
DA:135,0
DA:136,0
DA:138,0
DA:139,0
DA:144,0
DA:145,0
DA:201,0
DA:202,0
DA:205,0
DA:206,0
DA:209,0
DA:210,0
DA:211,0
DA:212,0
DA:218,0
DA:219,0
DA:223,0
DA:224,0
DA:225,0
DA:226,0
DA:227,0
DA:231,0
DA:232,0
DA:233,0
DA:234,0
DA:239,0
DA:240,0
DA:241,0
DA:245,0
DA:248,0
DA:252,0
DA:253,0
DA:254,0
DA:257,0
DA:259,0
DA:260,0
DA:261,0
DA:264,0
DA:265,0
DA:267,0
DA:270,0
DA:275,0
DA:276,0
DA:280,0
DA:281,0
DA:282,0
DA:283,0
DA:284,0
DA:285,0
DA:286,0
DA:295,0
DA:297,0
DA:298,0
DA:299,0
DA:300,0
DA:302,0
DA:303,0
DA:304,0
DA:305,0
DA:306,0
DA:307,0
DA:308,0
DA:311,0
DA:312,0
DA:314,0
DA:316,0
DA:317,0
DA:320,0
DA:321,0
DA:322,0
DA:325,0
DA:326,0
DA:328,0
DA:329,0
DA:334,0
DA:338,0
DA:339,0
DA:340,0
DA:341,0
DA:342,0
DA:343,0
DA:344,0
DA:346,0
DA:347,0
DA:351,0
DA:352,0
DA:356,0
DA:358,0
DA:366,0
DA:371,0
DA:373,0
DA:374,0
DA:377,0
DA:378,0
DA:379,0
DA:382,0
DA:383,0
DA:384,0
DA:386,0
DA:387,0
DA:388,0
DA:395,0
DA:396,0
DA:400,0
DA:402,0
DA:403,0
DA:405,0
DA:406,0
DA:407,0
DA:409,0
DA:410,0
DA:412,0
DA:413,0
DA:415,0
DA:420,0
DA:421,0
DA:423,0
DA:434,0
DA:435,0
DA:436,0
DA:438,0
DA:439,0
DA:440,0
DA:441,0
DA:442,0
DA:445,0
DA:459,0
DA:460,0
DA:469,0
DA:471,0
DA:472,0
DA:473,0
DA:474,0
DA:475,0
DA:478,0
DA:479,0
DA:481,0
DA:482,0
DA:483,0
DA:490,0
DA:491,0
DA:492,0
DA:493,0
DA:494,0
DA:495,0
DA:496,0
DA:497,0
DA:498,0
DA:500,0
DA:501,0
DA:503,0
DA:504,0
DA:508,0
DA:509,0
DA:514,0
DA:515,0
DA:520,0
DA:521,0
DA:522,0
DA:524,0
DA:525,0
DA:527,0
DA:529,0
DA:530,0
DA:531,0
DA:533,0
DA:534,0
DA:535,0
DA:536,0
DA:537,0
DA:538,0
DA:541,0
DA:544,0
DA:549,0
DA:550,0
DA:551,0
DA:552,0
DA:555,0
DA:556,0
DA:558,0
DA:560,0
DA:561,0
DA:564,0
DA:565,0
DA:570,0
DA:573,0
DA:576,0
DA:579,0
DA:580,0
DA:581,0
DA:582,0
DA:584,0
DA:585,0
DA:588,0
DA:591,0
DA:593,0
DA:595,0
DA:596,0
DA:601,0
DA:602,0
DA:603,0
DA:604,0
DA:615,0
DA:624,0
DA:631,0
DA:639,0
DA:640,0
DA:641,0
DA:643,0
LF:263
LH:0
BRDA:18,0,0,0
BRDA:34,1,0,0
BRDA:34,1,1,0
BRDA:54,2,0,0
BRDA:54,2,1,0
BRDA:68,3,0,0
BRDA:68,3,1,0
BRDA:94,4,0,0
BRDA:94,4,1,0
BRDA:98,5,0,0
BRDA:98,5,1,0
BRDA:156,6,0,0
BRDA:156,6,1,0
BRDA:160,7,0,0
BRDA:160,7,1,0
BRDA:164,8,0,0
BRDA:164,8,1,0
BRDA:168,9,0,0
BRDA:168,9,1,0
BRDA:191,10,0,0
BRDA:191,10,1,0
BRDA:192,11,0,0
BRDA:192,11,1,0
BRDA:193,12,0,0
BRDA:193,12,1,0
BRDA:213,13,0,0
BRDA:213,13,1,0
BRDA:218,14,0,0
BRDA:218,14,1,0
BRDA:233,15,0,0
BRDA:233,15,1,0
BRDA:253,16,0,0
BRDA:253,16,1,0
BRDA:260,17,0,0
BRDA:260,17,1,0
BRDA:260,18,0,0
BRDA:260,18,1,0
BRDA:283,19,0,0
BRDA:283,19,1,0
BRDA:285,20,0,0
BRDA:285,20,1,0
BRDA:297,21,0,0
BRDA:297,21,1,0
BRDA:298,22,0,0
BRDA:298,22,1,0
BRDA:305,23,0,0
BRDA:305,23,1,0
BRDA:306,24,0,0
BRDA:306,24,1,0
BRDA:306,25,0,0
BRDA:306,25,1,0
BRDA:320,26,0,0
BRDA:320,26,1,0
BRDA:320,27,0,0
BRDA:320,27,1,0
BRDA:338,28,0,0
BRDA:338,28,1,0
BRDA:338,29,0,0
BRDA:338,29,1,0
BRDA:340,30,0,0
BRDA:340,30,1,0
BRDA:346,31,0,0
BRDA:346,31,1,0
BRDA:400,32,0,0
BRDA:400,32,1,0
BRDA:439,33,0,0
BRDA:439,33,1,0
BRDA:439,34,0,0
BRDA:439,34,1,0
BRDA:471,35,0,0
BRDA:471,35,1,0
BRDA:471,36,0,0
BRDA:471,36,1,0
BRDA:474,37,0,0
BRDA:474,37,1,0
BRDA:474,38,0,0
BRDA:474,38,1,0
BRDA:482,39,0,0
BRDA:482,39,1,0
BRDA:493,40,0,0
BRDA:493,40,1,0
BRDA:500,41,0,0
BRDA:500,41,1,0
BRDA:503,42,0,0
BRDA:503,42,1,0
BRDA:514,43,0,0
BRDA:514,43,1,0
BRDA:514,44,0,0
BRDA:514,44,1,0
BRDA:527,45,0,0
BRDA:527,45,1,0
BRDA:527,46,0,0
BRDA:527,46,1,0
BRDA:529,47,0,0
BRDA:529,47,1,0
BRDA:550,48,0,0
BRDA:550,48,1,0
BRDA:550,48,2,0
BRDA:551,49,0,0
BRDA:551,49,1,0
BRDA:560,50,0,0
BRDA:560,50,1,0
BRDA:602,51,0,0
BRDA:602,51,1,0
BRDA:607,52,0,0
BRDA:607,52,1,0
BRDA:608,53,0,0
BRDA:608,53,1,0
BRF:108
BRH:0
end_of_record
TN:
SF:src/landmarkDrawing.js
FN:9,(anonymous_0)
FN:10,(anonymous_1)
FN:11,(anonymous_2)
FN:12,(anonymous_3)
FN:13,(anonymous_4)
FN:14,(anonymous_5)
FN:15,(anonymous_6)
FN:21,(anonymous_7)
FN:24,(anonymous_8)
FN:25,(anonymous_9)
FN:34,(anonymous_10)
FN:35,(anonymous_11)
FN:38,(anonymous_12)
FN:39,(anonymous_13)
FN:42,drawLandmarks
FN:46,(anonymous_15)
FN:66,(anonymous_16)
FN:76,drawFaceContours
FN:86,(anonymous_18)
FN:89,(anonymous_19)
FN:90,(anonymous_20)
FN:93,(anonymous_21)
FN:94,(anonymous_22)
FN:97,(anonymous_23)
FN:98,(anonymous_24)
FN:101,drawExpressions
FN:103,(anonymous_26)
FN:104,(anonymous_27)
FN:113,(anonymous_28)
FN:130,drawAgeGender
FN:157,drawSmoothCurve
FN:184,getRegionForPoint
FN:195,getExpressionColor
FN:210,animateLandmarks
FN:213,(anonymous_34)
FN:224,getLandmarkRegions
FN:228,getLandmarkConnections
FNF:37
FNH:14
FNDA:5,(anonymous_0)
FNDA:5,(anonymous_1)
FNDA:9,(anonymous_2)
FNDA:6,(anonymous_3)
FNDA:6,(anonymous_4)
FNDA:12,(anonymous_5)
FNDA:8,(anonymous_6)
FNDA:16,(anonymous_7)
FNDA:4,(anonymous_8)
FNDA:4,(anonymous_9)
FNDA:6,(anonymous_10)
FNDA:6,(anonymous_11)
FNDA:12,(anonymous_12)
FNDA:8,(anonymous_13)
FNDA:0,drawLandmarks
FNDA:0,(anonymous_15)
FNDA:0,(anonymous_16)
FNDA:0,drawFaceContours
FNDA:0,(anonymous_18)
FNDA:0,(anonymous_19)
FNDA:0,(anonymous_20)
FNDA:0,(anonymous_21)
FNDA:0,(anonymous_22)
FNDA:0,(anonymous_23)
FNDA:0,(anonymous_24)
FNDA:0,drawExpressions
FNDA:0,(anonymous_26)
FNDA:0,(anonymous_27)
FNDA:0,(anonymous_28)
FNDA:0,drawAgeGender
FNDA:0,drawSmoothCurve
FNDA:0,getRegionForPoint
FNDA:0,getExpressionColor
FNDA:0,animateLandmarks
FNDA:0,(anonymous_34)
FNDA:0,getLandmarkRegions
FNDA:0,getLandmarkConnections
DA:7,1
DA:9,5
DA:10,5
DA:11,9
DA:12,6
DA:13,6
DA:14,12
DA:15,8
DA:19,1
DA:21,16
DA:24,4
DA:25,4
DA:34,6
DA:35,6
DA:38,12
DA:39,8
DA:43,0
DA:46,0
DA:47,0
DA:48,0
DA:51,0
DA:52,0
DA:53,0
DA:54,0
DA:56,0
DA:57,0
DA:58,0
DA:59,0
DA:63,0
DA:64,0
DA:66,0
DA:67,0
DA:68,0
DA:69,0
DA:70,0
DA:71,0
DA:77,0
DA:80,0
DA:81,0
DA:82,0
DA:83,0
DA:86,0
DA:89,0
DA:90,0
DA:93,0
DA:94,0
DA:97,0
DA:98,0
DA:102,0
DA:103,0
DA:104,0
DA:108,0
DA:110,0
DA:111,0
DA:113,0
DA:114,0
DA:115,0
DA:118,0
DA:119,0
DA:120,0
DA:123,0
DA:124,0
DA:126,0
DA:131,0
DA:132,0
DA:136,0
DA:138,0
DA:139,0
DA:142,0
DA:147,0
DA:148,0
DA:151,0
DA:152,0
DA:153,0
DA:158,0
DA:160,0
DA:161,0
DA:164,0
DA:165,0
DA:166,0
DA:167,0
DA:171,0
DA:172,0
DA:173,0
DA:174,0
DA:175,0
DA:177,0
DA:180,0
DA:185,0
DA:186,0
DA:187,0
DA:188,0
DA:189,0
DA:190,0
DA:191,0
DA:196,0
DA:206,0
DA:211,0
DA:213,0
DA:214,0
DA:215,0
DA:221,0
DA:225,0
DA:229,0
LF:104
LH:16
BRDA:48,0,0,0
BRDA:48,0,1,0
BRDA:67,1,0,0
BRDA:67,1,1,0
BRDA:67,2,0,0
BRDA:67,2,1,0
BRDA:132,3,0,0
BRDA:132,3,1,0
BRDA:157,4,0,0
BRDA:158,5,0,0
BRDA:158,5,1,0
BRDA:171,6,0,0
BRDA:171,6,1,0
BRDA:171,7,0,0
BRDA:171,7,1,0
BRDA:185,8,0,0
BRDA:185,8,1,0
BRDA:186,9,0,0
BRDA:186,9,1,0
BRDA:187,10,0,0
BRDA:187,10,1,0
BRDA:188,11,0,0
BRDA:188,11,1,0
BRDA:188,12,0,0
BRDA:188,12,1,0
BRDA:190,13,0,0
BRDA:190,13,1,0
BRDA:206,14,0,0
BRDA:206,14,1,0
BRDA:211,15,0,0
BRDA:211,15,1,0
BRDA:211,16,0,0
BRDA:211,16,1,0
BRF:33
BRH:0
end_of_record
TN:
SF:src/liteMode.js
FN:8,(anonymous_0)
FN:34,(anonymous_1)
FN:53,(anonymous_2)
FN:60,(anonymous_3)
FN:72,(anonymous_4)
FN:87,(anonymous_5)
FN:97,(anonymous_6)
FN:116,(anonymous_7)
FN:153,(anonymous_8)
FN:156,(anonymous_9)
FN:187,(anonymous_10)
FN:192,(anonymous_11)
FN:199,(anonymous_12)
FN:204,(anonymous_13)
FN:208,(anonymous_14)
FNF:15
FNH:0
FNDA:0,(anonymous_0)
FNDA:0,(anonymous_1)
FNDA:0,(anonymous_2)
FNDA:0,(anonymous_3)
FNDA:0,(anonymous_4)
FNDA:0,(anonymous_5)
FNDA:0,(anonymous_6)
FNDA:0,(anonymous_7)
FNDA:0,(anonymous_8)
FNDA:0,(anonymous_9)
FNDA:0,(anonymous_10)
FNDA:0,(anonymous_11)
FNDA:0,(anonymous_12)
FNDA:0,(anonymous_13)
FNDA:0,(anonymous_14)
DA:9,0
DA:19,0
DA:23,0
DA:24,0
DA:25,0
DA:27,0
DA:28,0
DA:29,0
DA:30,0
DA:31,0
DA:35,0
DA:36,0
DA:39,0
DA:42,0
DA:45,0
DA:48,0
DA:50,0
DA:54,0
DA:55,0
DA:56,0
DA:61,0
DA:62,0
DA:63,0
DA:66,0
DA:67,0
DA:68,0
DA:69,0
DA:73,0
DA:74,0
DA:75,0
DA:76,0
DA:80,0
DA:83,0
DA:84,0
DA:88,0
DA:89,0
DA:92,0
DA:95,0
DA:96,0
DA:97,0
DA:98,0
DA:101,0
DA:103,0
DA:106,0
DA:110,0
DA:113,0
DA:116,0
DA:117,0
DA:118,0
DA:121,0
DA:128,0
DA:129,0
DA:130,0
DA:145,0
DA:146,0
DA:149,0
DA:152,0
DA:153,0
DA:157,0
DA:158,0
DA:161,0
DA:174,0
DA:188,0
DA:189,0
DA:193,0
DA:194,0
DA:196,0
DA:200,0
DA:201,0
DA:205,0
DA:209,0
DA:210,0
LF:72
LH:0
BRDA:8,0,0,0
BRDA:10,1,0,0
BRDA:10,1,1,0
BRDA:11,2,0,0
BRDA:11,2,1,0
BRDA:13,3,0,0
BRDA:13,3,1,0
BRDA:14,4,0,0
BRDA:14,4,1,0
BRDA:15,5,0,0
BRDA:15,5,1,0
BRDA:54,6,0,0
BRDA:54,6,1,0
BRDA:54,7,0,0
BRDA:54,7,1,0
BRDA:61,8,0,0
BRDA:61,8,1,0
BRDA:74,9,0,0
BRDA:74,9,1,0
BRDA:88,10,0,0
BRDA:88,10,1,0
BRDA:95,11,0,0
BRDA:95,11,1,0
BRDA:95,12,0,0
BRDA:95,12,1,0
BRDA:117,13,0,0
BRDA:117,13,1,0
BRDA:118,14,0,0
BRDA:118,14,1,0
BRDA:128,15,0,0
BRDA:128,15,1,0
BRDA:166,16,0,0
BRDA:166,16,1,0
BRDA:193,17,0,0
BRDA:193,17,1,0
BRDA:200,18,0,0
BRDA:200,18,1,0
BRDA:201,19,0,0
BRDA:201,19,1,0
BRF:39
BRH:0
end_of_record
TN:
SF:src/performanceMonitor.js
FN:2,(anonymous_0)
FN:12,(anonymous_1)
FN:21,(anonymous_2)
FN:25,(anonymous_3)
FN:41,(anonymous_4)
FN:50,(anonymous_5)
FN:53,(anonymous_6)
FN:57,(anonymous_7)
FN:62,(anonymous_8)
FN:67,(anonymous_9)
FN:75,(anonymous_10)
FN:88,(anonymous_11)
FN:93,(anonymous_12)
FN:103,(anonymous_13)
FN:115,(anonymous_14)
FN:123,(anonymous_15)
FN:133,(anonymous_16)
FN:153,(anonymous_17)
FN:164,(anonymous_18)
FN:175,(anonymous_19)
FN:191,(anonymous_20)
FNF:21
FNH:2
FNDA:9,(anonymous_0)
FNDA:9,(anonymous_1)
FNDA:0,(anonymous_2)
FNDA:0,(anonymous_3)
FNDA:0,(anonymous_4)
FNDA:0,(anonymous_5)
FNDA:0,(anonymous_6)
FNDA:0,(anonymous_7)
FNDA:0,(anonymous_8)
FNDA:0,(anonymous_9)
FNDA:0,(anonymous_10)
FNDA:0,(anonymous_11)
FNDA:0,(anonymous_12)
FNDA:0,(anonymous_13)
FNDA:0,(anonymous_14)
FNDA:0,(anonymous_15)
FNDA:0,(anonymous_16)
FNDA:0,(anonymous_17)
FNDA:0,(anonymous_18)
FNDA:0,(anonymous_19)
FNDA:0,(anonymous_20)
DA:3,9
DA:9,9
DA:13,9
DA:14,9
DA:15,9
DA:16,9
DA:17,9
DA:18,9
DA:22,0
DA:26,0
DA:28,0
DA:29,0
DA:32,0
DA:33,0
DA:36,0
DA:37,0
DA:38,0
DA:42,0
DA:44,0
DA:45,0
DA:47,0
DA:51,0
DA:53,0
DA:54,0
DA:58,0
DA:59,0
DA:63,0
DA:64,0
DA:68,0
DA:76,0
DA:77,0
DA:78,0
DA:79,0
DA:82,0
DA:83,0
DA:85,0
DA:89,0
DA:90,0
DA:91,0
DA:92,0
DA:93,0
DA:95,0
DA:96,0
DA:98,0
DA:99,0
DA:104,0
DA:105,0
DA:106,0
DA:107,0
DA:108,0
DA:110,0
DA:111,0
DA:116,0
DA:117,0
DA:118,0
DA:120,0
DA:124,0
DA:125,0
DA:126,0
DA:127,0
DA:130,0
DA:134,0
DA:135,0
DA:136,0
DA:137,0
DA:138,0
DA:140,0
DA:154,0
DA:156,0
DA:164,0
DA:165,0
DA:166,0
DA:167,0
DA:168,0
DA:169,0
DA:172,0
DA:176,0
DA:177,0
DA:180,0
DA:183,0
DA:184,0
DA:185,0
DA:186,0
DA:188,0
DA:192,0
DA:193,0
DA:194,0
DA:195,0
DA:196,0
DA:197,0
DA:198,0
DA:199,0
DA:201,0
DA:202,0
DA:204,0
DA:205,0
DA:208,0
DA:213,1
LF:98
LH:9
BRDA:2,0,0,9
BRDA:4,1,0,9
BRDA:4,1,1,9
BRDA:5,2,0,9
BRDA:5,2,1,9
BRDA:26,3,0,0
BRDA:26,3,1,0
BRDA:32,4,0,0
BRDA:32,4,1,0
BRDA:42,5,0,0
BRDA:42,5,1,0
BRDA:45,6,0,0
BRDA:45,6,1,0
BRDA:51,7,0,0
BRDA:51,7,1,0
BRDA:58,8,0,0
BRDA:58,8,1,0
BRDA:63,9,0,0
BRDA:63,9,1,0
BRDA:77,10,0,0
BRDA:77,10,1,0
BRDA:77,11,0,0
BRDA:77,11,1,0
BRDA:92,12,0,0
BRDA:92,12,1,0
BRDA:117,13,0,0
BRDA:117,13,1,0
BRDA:117,14,0,0
BRDA:117,14,1,0
BRDA:126,15,0,0
BRDA:126,15,1,0
BRDA:154,16,0,0
BRDA:154,16,1,0
BRDA:165,17,0,0
BRDA:165,17,1,0
BRDA:166,18,0,0
BRDA:166,18,1,0
BRDA:167,19,0,0
BRDA:167,19,1,0
BRDA:168,20,0,0
BRDA:168,20,1,0
BRDA:204,21,0,0
BRDA:204,21,1,0
BRF:43
BRH:5
end_of_record
TN:
SF:src/proMode.js
FN:11,(anonymous_0)
FN:38,(anonymous_1)
FN:42,(anonymous_2)
FN:73,(anonymous_3)
FN:93,(anonymous_4)
FN:102,(anonymous_5)
FN:132,(anonymous_6)
FN:172,(anonymous_7)
FN:178,(anonymous_8)
FN:182,(anonymous_9)
FN:183,(anonymous_10)
FN:185,(anonymous_11)
FN:193,(anonymous_12)
FN:197,(anonymous_13)
FNF:14
FNH:0
FNDA:0,(anonymous_0)
FNDA:0,(anonymous_1)
FNDA:0,(anonymous_2)
FNDA:0,(anonymous_3)
FNDA:0,(anonymous_4)
FNDA:0,(anonymous_5)
FNDA:0,(anonymous_6)
FNDA:0,(anonymous_7)
FNDA:0,(anonymous_8)
FNDA:0,(anonymous_9)
FNDA:0,(anonymous_10)
FNDA:0,(anonymous_11)
FNDA:0,(anonymous_12)
FNDA:0,(anonymous_13)
DA:12,0
DA:13,0
DA:14,0
DA:15,0
DA:23,0
DA:39,0
DA:40,0
DA:42,0
DA:43,0
DA:44,0
DA:45,0
DA:48,0
DA:57,0
DA:62,0
DA:63,0
DA:65,0
DA:66,0
DA:70,0
DA:74,0
DA:75,0
DA:78,0
DA:80,0
DA:86,0
DA:88,0
DA:89,0
DA:94,0
DA:97,0
DA:100,0
DA:102,0
DA:103,0
DA:106,0
DA:109,0
DA:110,0
DA:114,0
DA:115,0
DA:119,0
DA:120,0
DA:124,0
DA:125,0
DA:129,0
DA:133,0
DA:135,0
DA:136,0
DA:137,0
DA:140,0
DA:141,0
DA:144,0
DA:145,0
DA:146,0
DA:147,0
DA:148,0
DA:151,0
DA:152,0
DA:153,0
DA:154,0
DA:155,0
DA:158,0
DA:159,0
DA:160,0
DA:161,0
DA:162,0
DA:165,0
DA:166,0
DA:167,0
DA:168,0
DA:169,0
DA:173,0
DA:174,0
DA:179,0
DA:183,0
DA:185,0
DA:194,0
DA:197,0
LF:73
LH:0
BRDA:39,0,0,0
BRDA:39,0,1,0
BRDA:40,1,0,0
BRDA:40,1,1,0
BRDA:74,2,0,0
BRDA:74,2,1,0
BRDA:109,3,0,0
BRDA:109,3,1,0
BRDA:109,4,0,0
BRDA:109,4,1,0
BRDA:114,5,0,0
BRDA:114,5,1,0
BRDA:114,6,0,0
BRDA:114,6,1,0
BRDA:119,7,0,0
BRDA:119,7,1,0
BRDA:119,8,0,0
BRDA:119,8,1,0
BRDA:124,9,0,0
BRDA:124,9,1,0
BRDA:124,10,0,0
BRDA:124,10,1,0
BRDA:124,10,2,0
BRDA:173,11,0,0
BRDA:173,11,1,0
BRDA:185,12,0,0
BRDA:185,12,1,0
BRDA:186,13,0,0
BRDA:186,13,1,0
BRDA:187,14,0,0
BRDA:187,14,1,0
BRDA:188,15,0,0
BRDA:188,15,1,0
BRF:33
BRH:0
end_of_record
TN:
SF:src/wasmBackend.js
FN:13,configureWASMPaths
FN:22,detectWASMFeatures
FN:64,configureWASMThreads
FN:97,initializeWASMBackend
FN:156,getBackendPerformance
FN:178,handleWASMError
FN:200,warmupBackend
FN:220,(anonymous_7)
FN:228,(anonymous_8)
FN:232,(anonymous_9)
FN:246,(anonymous_10)
FN:251,(anonymous_11)
FN:261,(anonymous_12)
FNF:13
FNH:5
FNDA:3,configureWASMPaths
FNDA:1,detectWASMFeatures
FNDA:5,configureWASMThreads
FNDA:3,initializeWASMBackend
FNDA:0,getBackendPerformance
FNDA:1,handleWASMError
FNDA:0,warmupBackend
FNDA:0,(anonymous_7)
FNDA:0,(anonymous_8)
FNDA:0,(anonymous_9)
FNDA:0,(anonymous_10)
FNDA:0,(anonymous_11)
FNDA:0,(anonymous_12)
DA:15,3
DA:16,3
DA:23,1
DA:29,1
DA:31,1
DA:33,1
DA:39,1
DA:43,1
DA:46,1
DA:47,1
DA:51,1
DA:52,0
DA:55,1
DA:58,1
DA:65,5
DA:70,5
DA:72,5
DA:74,4
DA:77,4
DA:79,4
DA:80,4
DA:81,4
DA:83,4
DA:85,1
DA:88,0
DA:91,5
DA:98,3
DA:105,3
DA:107,3
DA:110,3
DA:113,3
DA:116,2
DA:119,2
DA:120,2
DA:121,2
DA:125,0
DA:127,0
DA:130,3
DA:131,3
DA:134,3
DA:135,3
DA:136,3
DA:137,3
DA:138,3
DA:139,3
DA:141,0
DA:143,0
DA:144,0
DA:145,0
DA:146,0
DA:150,3
DA:157,0
DA:158,0
DA:160,0
DA:179,1
DA:185,1
DA:186,0
DA:187,1
DA:188,0
DA:189,1
DA:190,0
DA:191,0
DA:194,1
DA:201,0
DA:202,0
DA:210,0
DA:211,0
DA:213,0
DA:221,0
DA:229,0
DA:233,0
DA:234,0
DA:235,0
DA:238,0
DA:239,0
DA:247,0
DA:248,0
DA:252,0
DA:262,0
LF:79
LH:47
BRDA:31,0,0,1
BRDA:31,0,1,0
BRDA:31,1,0,1
BRDA:31,1,1,1
BRDA:46,2,0,1
BRDA:46,2,1,0
BRDA:72,3,0,4
BRDA:72,3,1,1
BRDA:74,4,0,4
BRDA:74,4,1,0
BRDA:120,5,0,2
BRDA:120,5,1,0
BRDA:185,6,0,0
BRDA:185,6,1,1
BRDA:187,7,0,0
BRDA:187,7,1,1
BRDA:189,8,0,0
BRDA:189,8,1,1
BRDA:238,9,0,0
BRDA:238,9,1,0
BRDA:247,10,0,0
BRDA:247,10,1,0
BRF:22
BRH:11
end_of_record
TN:
SF:src/wasmBenchmark.js
FN:12,benchmarkBackend
FN:79,(anonymous_1)
FN:82,(anonymous_2)
FN:93,performanceComparison
FN:142,measureMemoryUsage
FN:185,(anonymous_5)
FN:195,measureFPS
FN:243,(anonymous_7)
FN:251,profileModelSizes
FN:297,benchmarkModel
FN:315,generatePerformanceReport
FNF:11
FNH:5
FNDA:1,benchmarkBackend
FNDA:0,(anonymous_1)
FNDA:0,(anonymous_2)
FNDA:1,performanceComparison
FNDA:1,measureMemoryUsage
FNDA:0,(anonymous_5)
FNDA:1,measureFPS
FNDA:575901,(anonymous_7)
FNDA:0,profileModelSizes
FNDA:0,benchmarkModel
FNDA:0,generatePerformanceReport
DA:14,1
DA:15,1
DA:17,1
DA:28,1
DA:29,1
DA:30,1
DA:31,1
DA:34,1
DA:35,1
DA:38,1
DA:39,1
DA:40,0
DA:41,0
DA:44,0
DA:47,0
DA:48,0
DA:49,0
DA:52,0
DA:57,0
DA:58,0
DA:60,0
DA:61,0
DA:62,0
DA:63,0
DA:66,0
DA:67,0
DA:79,0
DA:82,0
DA:83,0
DA:85,0
DA:87,0
DA:94,1
DA:96,1
DA:103,1
DA:105,1
DA:106,1
DA:109,0
DA:110,0
DA:113,0
DA:116,0
DA:117,0
DA:118,0
DA:119,0
DA:121,0
DA:124,0
DA:132,1
DA:133,1
DA:136,1
DA:143,1
DA:151,1
DA:154,0
DA:155,0
DA:156,0
DA:159,0
DA:161,0
DA:162,0
DA:166,0
DA:167,0
DA:170,0
DA:171,0
DA:172,0
DA:173,0
DA:182,0
DA:185,0
DA:186,0
DA:189,0
DA:196,1
DA:197,1
DA:199,1
DA:209,1
DA:210,1
DA:211,1
DA:214,1
DA:215,1
DA:216,1
DA:218,1
DA:219,1
DA:222,1
DA:223,575901
DA:225,575901
DA:230,575901
DA:231,575901
DA:232,575901
DA:234,575901
DA:235,575901
DA:236,575901
DA:237,575901
DA:239,575901
DA:243,575901
DA:245,1
DA:252,0
DA:270,0
DA:271,0
DA:272,0
DA:274,0
DA:276,0
DA:277,0
DA:279,0
DA:280,0
DA:282,0
DA:291,0
DA:298,0
DA:299,0
DA:301,0
DA:303,0
DA:304,0
DA:305,0
DA:306,0
DA:309,0
DA:316,0
DA:330,0
DA:331,0
DA:332,0
DA:333,0
DA:335,0
DA:341,0
DA:349,0
DA:350,0
DA:351,0
DA:355,0
DA:356,0
DA:357,0
DA:358,0
DA:359,0
DA:361,0
DA:365,0
LF:126
LH:45
BRDA:12,0,0,0
BRDA:66,1,0,0
BRDA:66,1,1,0
BRDA:93,2,0,1
BRDA:116,3,0,0
BRDA:116,3,1,0
BRDA:118,4,0,0
BRDA:118,4,1,0
BRDA:170,5,0,0
BRDA:170,5,1,0
BRDA:172,6,0,0
BRDA:172,6,1,0
BRDA:186,7,0,0
BRDA:186,7,1,0
BRDA:195,8,0,1
BRDA:297,9,0,0
BRDA:321,10,0,0
BRDA:321,10,1,0
BRDA:349,11,0,0
BRDA:349,11,1,0
BRDA:349,12,0,0
BRDA:349,12,1,0
BRDA:355,13,0,0
BRDA:355,13,1,0
BRDA:356,14,0,0
BRDA:356,14,1,0
BRDA:358,15,0,0
BRDA:358,15,1,0
BRF:28
BRH:2
end_of_record
TN:
SF:src/wasmCompatibility.js
FN:12,testModelCompatibility
FN:93,compareDetectionAccuracy
FN:137,verifyAPICompatibility
FN:192,testDetectionOptions
FN:226,migrateToVladmandic
FN:243,(anonymous_5)
FN:244,(anonymous_6)
FN:267,createTestCanvas
FN:303,processDetections
FN:308,(anonymous_9)
FN:309,(anonymous_10)
FN:314,(anonymous_11)
FN:321,validateResultStructure
FNF:13
FNH:3
FNDA:1,testModelCompatibility
FNDA:1,compareDetectionAccuracy
FNDA:0,verifyAPICompatibility
FNDA:0,testDetectionOptions
FNDA:0,migrateToVladmandic
FNDA:0,(anonymous_5)
FNDA:0,(anonymous_6)
FNDA:2,createTestCanvas
FNDA:0,processDetections
FNDA:0,(anonymous_9)
FNDA:0,(anonymous_10)
FNDA:0,(anonymous_11)
FNDA:0,validateResultStructure
DA:13,1
DA:24,1
DA:25,1
DA:28,1
DA:30,0
DA:32,0
DA:33,0
DA:37,0
DA:39,0
DA:42,0
DA:44,0
DA:45,0
DA:49,0
DA:51,0
DA:54,0
DA:56,0
DA:57,0
DA:60,0
DA:62,0
DA:65,0
DA:67,0
DA:68,0
DA:71,0
DA:73,0
DA:76,0
DA:78,0
DA:79,0
DA:82,0
DA:84,0
DA:87,0
DA:94,1
DA:100,1
DA:103,0
DA:104,0
DA:106,0
DA:111,0
DA:114,0
DA:115,0
DA:117,0
DA:122,0
DA:125,0
DA:126,0
DA:131,0
DA:138,0
DA:146,0
DA:157,0
DA:158,0
DA:162,0
DA:171,0
DA:172,0
DA:176,0
DA:182,0
DA:183,0
DA:186,0
DA:193,0
DA:199,0
DA:204,0
DA:210,0
DA:215,0
DA:220,0
DA:227,0
DA:233,0
DA:235,0
DA:238,0
DA:243,0
DA:244,0
DA:246,0
DA:249,0
DA:250,0
DA:252,0
DA:253,0
DA:256,0
DA:258,0
DA:261,0
DA:268,2
DA:269,2
DA:270,2
DA:271,2
DA:274,2
DA:275,2
DA:278,2
DA:279,2
DA:280,0
DA:281,0
DA:284,0
DA:285,0
DA:286,0
DA:287,0
DA:288,0
DA:289,0
DA:290,0
DA:293,0
DA:294,0
DA:295,0
DA:297,0
DA:304,0
DA:305,0
DA:308,0
DA:309,0
DA:311,0
DA:314,0
DA:322,0
DA:332,0
DA:338,0
DA:339,0
DA:340,0
DA:341,0
DA:345,0
DA:346,0
DA:347,0
DA:349,0
DA:350,0
DA:351,0
DA:352,0
DA:358,0
DA:359,0
DA:360,0
DA:363,0
LF:118
LH:14
BRDA:125,0,0,0
BRDA:125,0,1,0
BRDA:125,1,0,0
BRDA:125,1,1,0
BRDA:252,2,0,0
BRDA:252,2,1,0
BRDA:304,3,0,0
BRDA:304,3,1,0
BRDA:304,4,0,0
BRDA:304,4,1,0
BRDA:338,5,0,0
BRDA:338,5,1,0
BRDA:345,6,0,0
BRDA:345,6,1,0
BRDA:350,7,0,0
BRDA:350,7,1,0
BRDA:358,8,0,0
BRDA:358,8,1,0
BRF:18
BRH:0
end_of_record
